<?xml version="1.0" encoding="utf-8"?><testsuites><testsuite name="pytest" errors="0" failures="3" skipped="0" tests="9" time="2.490" timestamp="2025-03-13T07:40:06.787547-07:00" hostname="pop"><testcase classname="tests.test_dmbd_basic" name="test_dmbd_save_load" time="0.054" /><testcase classname="tests.test_dmbd_basic" name="test_dmbd_import" time="0.002" /><testcase classname="tests.test_dmbd_basic" name="test_dmbd_memory_cleanup" time="0.020"><failure message="Failed: Memory cleanup test failed: 'DMBD' object has no attribute 'loss'">fork/tests/test_dmbd_basic.py:276: in test_dmbd_memory_cleanup
    loss = dmbd_model.loss(data, output)
        batch_size = 2
        data       = tensor([[[[-7.2163e-01,  3.2184e-01, -1.5022e+00,  2.4860e-01, -7.2074e-01,
            6.8175e-02, -1.9805e-01,  1.5263e+00,  3.4993e-01, -4.2793e-01],
          [-1.4936e+00,  9.3998e-01, -1.3390e-01,  6.7574e-01, -1.0327e+00,
           -1.1962e+00,  9.0903e-01, -4.7992e-01, -1.6753e+00,  7.0106e-01],
          [-3.0568e-01, -1.1111e+00, -2.5210e+00,  1.2212e+00, -5.0478e-01,
            3.3158e-02,  2.3767e-01,  1.4867e+00,  6.7933e-01, -2.1894e-01],
          [-5.2245e-01, -1.7659e+00, -2.1843e-01,  6.4038e-01,  6.2731e-01,
            2.5819e-01, -8.7382e-01,  1.1256e+00,  1.4099e+00,  1.6952e+00],
          [-5.8789e-01,  6.4265e-01, -2.2595e-01, -2.0332e-01, -1.1045e+00,
           -3.4607e-01, -4.2958e-01, -2.1278e-01, -4.7381e-01, -1.9267e+00],
          [-4.3140e-01, -3.9080e-01, -8.9754e-01,  1.0368e+00, -7.2488e-01,
           -4.0214e-01, -2.0944e-01, -4.3108e-01, -4.0567e-01, -1.5993e+00],
          [-4.2951e-01,  2.7168e-01,  6.0502e-01, -2.5423e-01,  1.9714e+00,
            7.4521e-01,  1.2246e+00,  5.3672e-01,  4.1322e-01,  5.1995e-01],
          [-2.6209e-01,  1.2980e+00,  1.8989e-01, -1.9908e-01, -1.5720e-02,
            6.6808e-01, -7.3810e-01, -1.4386e+00, -1.6181e-02, -6.8527e-01],
          [-2.6461e-01,  4.6389e-01, -9.9203e-01,  8.4372e-01,  1.1846e+00,
            9.5788e-02,  4.3241e-03,  6.0985e-01,  6.8759e-01,  6.3540e-01],
          [ 4.1721e-01, -4.5732e-01,  1.1343e-01,  2.1779e+00, -1.3624e+00,
           -2.3694e+00, -3.0323e-02,  1.1765e+00, -6.1467e-01, -1.7287e+00]],

         [[ 5.2327e-01, -2.7991e-02,  1.0090e-01,  7.7000e-01, -1.8194e-01,
           -2.3207e-01, -1.5629e+00,  7.9034e-02,  7.4278e-01,  1.0164e+00],
          [-1.8820e+00,  1.6602e+00, -1.2225e+00, -3.0193e-01,  1.6017e-01,
            5.2514e-01,  5.3325e-01, -1.8240e+00,  1.2889e-01, -1.1858e+00],
          [-1.6206e-01,  3.9513e-01, -1.4926e+00, -3.6206e-01, -4.4947e-01,
            1.1659e-01,  3.4372e-02,  5.2789e-01, -1.2452e+00, -9.9918e-01],
          [ 6.4531e-01, -8.1806e-01, -6.3846e-03, -6.5956e-01, -2.0945e+00,
            1.0079e+00,  1.1767e-01, -2.8114e-01,  3.0299e-01, -3.7228e-01],
          [-3.8030e-01,  7.5714e-01, -4.2182e-01,  2.0783e-01,  7.5363e-02,
           -1.2906e+00,  4.0608e-01, -1.4317e-01, -1.6213e+00, -1.2142e+00],
          [ 2.7782e-02,  6.0579e-01, -1.7293e+00, -9.5219e-02,  9.8463e-01,
           -1.5294e+00, -1.7697e+00,  2.3065e+00, -5.5766e-01, -1.2605e+00],
          [ 3.2775e-01,  4.3592e-01,  2.2397e+00,  1.0835e+00, -6.3986e-01,
            2.3008e-01,  5.8404e-01,  9.7090e-01,  2.3679e-01,  3.9279e-01],
          [-3.0506e-01,  1.1023e+00, -3.9688e-02,  1.2424e+00, -3.7855e-02,
            1.0238e+00, -8.1890e-02, -2.5470e-01,  5.3552e-01,  1.0009e-02],
          [ 2.6574e+00, -1.2424e+00,  4.7107e-01, -1.5705e+00, -9.2377e-01,
            8.6063e-01, -6.6271e-01, -7.8717e-01, -2.5052e+00,  3.8784e-01],
          [-1.6513e+00, -1.1658e+00, -7.5697e-02, -4.6791e-01, -1.4520e+00,
            5.6054e-01, -2.1449e+00, -7.9714e-01, -8.8840e-01,  9.0323e-01]],

         [[-8.5283e-01,  1.7408e+00,  1.1237e+00,  1.6089e+00, -3.4688e-01,
            4.8595e-01, -1.2517e+00, -1.6062e-01,  8.9878e-01,  1.5410e+00],
          [ 4.1756e-01, -1.3214e+00,  1.4801e-01, -1.0768e-01,  8.2034e-01,
           -3.2357e-01,  4.9379e-01, -2.8769e-01, -2.3706e-01,  1.0385e+00],
          [-8.0531e-01,  1.3559e-01, -1.7889e+00, -1.4834e-02,  7.1891e-01,
           -7.5414e-01,  9.7235e-01,  5.1255e-01, -2.0188e+00,  1.5727e+00],
          [-1.8600e+00, -1.5193e+00, -1.2355e+00, -1.4507e+00,  1.2255e+00,
           -4.0974e-01, -6.7004e-01, -1.0434e+00, -1.2855e+00, -1.6636e+00],
          [ 4.1357e-01, -1.3044e+00, -9.0702e-01,  1.5369e-01, -1.3609e+00,
            7.8436e-03,  1.3124e-01,  1.0017e-01,  4.6162e-01,  1.3168e+00],
          [ 5.2716e-01, -8.5950e-01,  1.6569e-01,  1.4680e+00, -1.1299e+00,
            7.8746e-01, -2.0507e+00,  9.5116e-01, -2.8042e+00,  1.1064e+00],
          [ 6.9733e-01, -1.3804e+00,  1.4007e-01, -5.5109e-01,  1.2722e+00,
           -2.6684e-01, -9.7650e-01, -9.6494e-01,  2.7561e+00, -4.4952e-01],
          [ 6.6319e-01, -6.3616e-01, -3.0236e-01, -1.2515e+00, -1.2063e+00,
            7.1362e-01,  1.8124e+00,  2.1521e-01, -1.5537e+00,  2.0130e-01],
          [-1.8251e+00,  9.0396e-02,  1.1107e+00,  4.9761e-01, -6.6275e-02,
           -2.4975e-01, -1.0614e-01,  1.0090e-01, -8.8199e-01,  2.2304e-01],
          [-9.8724e-01, -8.6105e-01, -2.4398e+00, -5.2865e-01, -1.1319e+00,
           -4.3159e-01,  3.1286e-01,  9.6354e-01, -4.0077e-01, -1.9749e+00]],

         [[-5.9936e-01,  1.5397e-01,  8.2888e-02,  6.2465e-01,  4.9886e-01,
            2.5357e-01,  3.3163e+00, -1.2809e+00,  3.4014e-01, -1.2497e+00],
          [-7.1874e-01,  7.8392e-01, -1.7819e+00,  1.3514e+00, -8.0199e-01,
           -1.0689e-01,  1.2266e+00,  1.0459e+00,  3.4412e-01,  5.1378e-01],
          [ 1.3103e-01, -9.8350e-01, -8.3396e-01,  2.1430e-02, -2.4559e-01,
           -1.1887e+00, -1.4906e+00, -4.8984e-01,  1.0669e+00, -9.4232e-01],
          [ 2.1226e+00, -6.8615e-01, -9.2015e-01,  1.4707e+00,  1.3320e+00,
           -3.7676e-01, -1.6623e+00,  4.9196e-01, -4.5608e-01,  8.3349e-01],
          [-2.3784e+00,  1.1019e+00, -4.2508e-01, -5.8430e-01, -1.9271e-01,
           -1.4323e-01, -1.2750e-01, -1.4555e-01,  6.6112e-01,  4.0896e-01],
          [-1.8737e+00, -5.6137e-01,  1.4221e-01, -1.1393e+00,  2.6638e-01,
           -2.4676e-01,  2.0257e+00,  4.7219e-01,  5.3487e-01, -1.7532e-01],
          [ 3.4117e-02, -8.0591e-01,  2.3057e-02, -5.2580e-01,  8.4765e-02,
            8.0335e-01, -2.9679e-01, -5.3804e-01, -2.2972e-02, -1.5372e-01],
          [-3.1805e-01,  8.6992e-01, -1.8670e+00, -1.5603e+00,  7.0352e-01,
           -7.8836e-01, -1.8685e-02,  1.0209e+00, -8.2928e-01,  2.7710e+00],
          [-6.5051e-01,  1.4583e-01, -1.1355e-01,  5.7032e-01, -7.1066e-01,
            6.6862e-01,  2.0554e-02,  4.1726e-01, -1.5090e+00, -6.4926e-01],
          [-1.1297e+00, -1.4134e+00,  6.4355e-01,  2.5218e-01,  1.4023e-01,
           -4.7421e-02,  1.1741e+00,  1.5043e-01,  2.3656e-01, -3.3323e-01]],

         [[ 1.9807e-01, -1.7086e+00, -4.5145e-01, -1.4592e-01, -9.8035e-01,
           -1.9398e+00, -1.6491e+00, -2.1116e-01, -1.7069e+00, -7.7828e-01],
          [ 3.7278e-01,  1.4952e+00, -5.9324e-01,  1.1866e+00,  6.2120e-01,
            2.2819e-01,  2.2700e-02,  2.6065e+00,  7.3980e-01, -1.9722e-01],
          [ 4.7823e-01,  5.7030e-01,  1.4653e+00,  4.9554e-01,  2.3811e+00,
           -9.0745e-01, -2.5070e-01, -1.3566e+00, -2.0418e+00, -6.3630e-01],
          [ 6.1663e-01,  1.4992e+00, -2.2923e-01, -7.6376e-01,  6.6212e-01,
            1.2414e+00,  3.5861e-01,  1.0816e+00, -1.5303e-01, -6.2756e-02],
          [ 6.6791e-01,  9.6450e-01, -5.1943e-01, -3.1123e-02, -5.6675e-01,
            1.6432e+00, -1.3243e+00, -1.8823e-01, -1.6329e-01, -2.0073e-01],
          [-8.4369e-01,  4.8027e-02, -3.2070e-01,  1.6079e+00, -8.3375e-01,
           -1.2370e+00, -6.3397e-02,  1.6659e-01,  8.6475e-01, -2.5865e+00],
          [ 1.0775e+00, -9.2217e-01,  6.9405e-01, -6.1478e-01,  1.5111e+00,
            1.2384e+00,  1.3339e+00, -5.9347e-01,  9.8266e-01,  5.3607e-01],
          [ 2.7458e-01, -1.9985e-01, -2.1987e+00,  1.5723e-01,  8.4129e-01,
            5.1387e-01, -1.2952e+00,  1.3312e+00, -5.3536e-01, -1.3297e+00],
          [-4.7464e-01,  7.9240e-01,  2.8482e-01,  1.6411e+00, -1.8552e+00,
            8.8665e-01,  6.6491e-01, -1.0506e+00, -1.8308e-01, -2.3692e-01],
          [ 4.9157e-01, -1.8673e+00, -6.3831e-01,  2.5506e-01, -2.1588e-01,
            1.1567e+00, -1.7086e+00,  1.2886e-01,  5.3881e-01,  8.5985e-01]]],


        [[[ 1.7888e+00, -1.2066e-01, -1.7084e-01,  5.1968e-01,  7.4675e-01,
           -2.3666e+00, -4.1887e-01, -3.0554e-01,  3.6173e-01, -2.3187e-01],
          [ 1.3133e+00, -8.3005e-02, -6.6922e-01, -9.2170e-01, -8.6392e-01,
            1.2070e+00,  5.6124e-01, -1.6812e+00, -6.6198e-01, -5.5004e-01],
          [-1.5195e-02,  5.9405e-02, -7.2219e-01, -3.1560e-01,  1.8617e+00,
            7.7439e-01,  6.9818e-01, -5.0450e-01,  8.0876e-01,  1.4947e-02],
          [ 1.2673e+00,  2.6225e-01, -1.6094e-01,  5.0347e-01, -5.3358e-01,
            1.2717e+00,  5.9556e-01,  1.5494e+00,  3.5008e-01, -8.3823e-01],
          [-8.2173e-01,  1.7996e+00, -1.6586e+00, -5.2498e-01,  2.9823e-01,
            7.2922e-01, -6.4922e-01,  1.6620e+00,  2.9834e-01,  5.2347e-01],
          [ 1.0765e+00,  1.8963e+00, -3.0864e-01, -4.4846e-01, -1.0793e+00,
           -6.2331e-01,  3.9146e-01, -1.8861e+00,  7.6985e-01,  5.2456e-02],
          [ 5.9447e-02, -1.3217e+00,  6.1389e-01, -1.0498e+00,  7.6508e-01,
           -1.0874e+00,  1.6692e+00,  8.5413e-01, -5.4184e-01,  4.5163e-02],
          [-4.2891e-01, -1.0084e-01,  1.0991e-01, -7.9707e-01,  2.6695e-01,
            1.0999e+00,  2.4240e-01,  1.3970e-01, -4.2117e-01, -6.5262e-01],
          [-4.2469e-01, -1.7663e+00, -4.7045e-01,  3.1048e-01,  9.8558e-01,
           -9.4335e-01, -9.3764e-01,  8.1813e-01,  7.8321e-01, -8.9140e-01],
          [-2.2840e+00,  9.4724e-01, -1.0903e+00, -4.1918e-01,  7.3191e-01,
            9.1293e-01, -9.1286e-01,  7.8357e-01,  9.8248e-02,  3.7808e-01]],

         [[-1.9889e+00, -1.3848e+00, -4.9582e-01, -4.8583e-01, -8.4753e-02,
            8.7826e-01,  1.0533e+00, -2.4840e+00,  7.4784e-01, -1.1154e-02],
          [ 2.7603e+00, -3.4035e-01, -1.2960e+00,  6.1991e-01, -2.7515e-01,
            3.2935e-01,  3.1417e-01, -1.5719e+00,  9.0657e-01, -1.6466e+00],
          [-2.0335e+00, -9.7368e-01, -5.5848e-02, -2.9294e-02, -1.6352e+00,
           -4.1606e-01, -2.5199e-01,  6.0727e-01, -4.2168e-01,  1.2885e-01],
          [-7.8665e-01,  5.5785e-02, -8.6203e-01,  2.1835e-01,  1.9596e-01,
           -6.7863e-02, -2.5701e-01,  1.5310e+00, -7.1312e-03,  1.8667e+00],
          [ 1.1561e+00,  3.1692e-01,  4.1391e-01, -2.4968e+00, -9.9707e-01,
            3.1226e-01,  3.6908e-01,  1.4089e-01, -4.6397e-01, -1.6965e-01],
          [ 1.6810e-01,  2.4582e-01, -8.1709e-01, -1.7030e-02, -9.4853e-01,
           -7.7427e-01, -1.7449e+00, -1.2262e+00, -1.9906e-01,  1.2103e-01],
          [-1.4905e-01, -6.1349e-01, -1.2126e+00, -4.7886e-01,  1.6280e-01,
            4.1555e-02,  1.1195e+00,  1.0299e+00, -1.0997e-01, -1.5015e+00],
          [-7.4629e-01, -1.1172e+00, -3.3502e-01, -2.9458e-01,  2.5544e+00,
           -3.0570e-01,  4.4086e-01, -1.4797e-01, -7.3823e-01,  6.8837e-01],
          [-7.6710e-01,  3.6259e-01,  3.5206e-01,  8.5474e-01, -1.2226e+00,
            2.6828e+00,  1.1670e+00, -1.0294e+00,  2.2449e-01, -1.0633e+00],
          [ 9.6470e-01,  7.8916e-01, -2.8614e-01,  1.8540e-01, -4.8809e-01,
           -9.8614e-01,  2.2533e-02, -6.2167e-01, -7.7471e-01, -2.3581e-01]],

         [[-3.0582e-01, -4.3587e-01, -1.0296e+00,  4.6350e-01, -1.3379e-01,
            1.6255e+00,  2.9690e-01, -5.4105e-02,  7.0802e-01,  4.9093e-02],
          [-6.8988e-01, -4.8931e-02,  2.2810e-02, -6.2112e-01, -2.4932e+00,
           -1.0618e+00, -7.4389e-01,  7.3511e-01,  6.1442e-01, -1.3945e+00],
          [-4.0137e-01,  1.0077e-01, -5.5033e-01, -3.8637e-01,  8.1522e-04,
            5.7164e-01, -2.8744e-01, -8.3532e-01,  1.8025e+00,  2.5390e-01],
          [ 3.9833e-01,  1.1376e+00,  1.1896e+00,  7.7948e-01,  2.1834e-01,
            1.3300e+00, -5.6615e-02,  1.2096e+00,  2.5644e-01,  7.3774e-02],
          [ 9.4330e-01, -7.5259e-01,  1.0794e+00, -2.6049e-01,  3.6312e-02,
            1.6752e+00, -3.6317e-01,  1.0259e+00,  1.0710e+00,  9.7294e-01],
          [ 9.2606e-01, -7.9499e-01, -1.3871e-01,  1.8331e+00,  1.2425e+00,
           -1.7387e+00, -1.4844e-01,  5.5316e-01, -9.7852e-01, -9.4622e-02],
          [-1.2885e+00, -1.6171e+00,  3.9853e-02, -1.6587e+00,  6.4067e-01,
            5.9405e-01, -8.6461e-01, -4.3252e-01, -6.3259e-01, -2.1623e-01],
          [ 4.8678e-02, -1.1553e+00,  7.6614e-01, -1.0255e+00,  3.5908e+00,
            1.7581e+00,  7.5202e-01,  4.5419e-01, -1.8150e+00,  1.3089e+00],
          [-2.0262e-01,  1.4848e+00,  6.2381e-02,  3.7575e-01,  1.2305e-01,
            4.2757e-01,  1.1211e+00,  1.7365e+00,  3.6293e-01,  2.1444e-01],
          [ 1.2596e+00, -1.8813e+00, -3.2790e-02, -5.1225e-01,  1.8405e+00,
           -6.9080e-01,  4.3913e-01,  4.7493e-01,  3.6636e-01, -1.6007e+00]],

         [[ 3.1188e-01,  5.8871e-01,  1.0270e+00,  7.4853e-01, -5.1153e-01,
           -6.8316e-01, -1.4136e-02,  8.1922e-01, -1.0777e+00, -4.4542e-01],
          [-4.4854e-01, -1.6437e+00, -2.2384e-01,  1.5011e+00,  1.2255e+00,
            1.6995e+00,  1.4609e+00,  2.0646e-01,  2.9500e-01, -3.5099e-01],
          [-1.3346e+00, -4.3112e-01,  2.8136e-01,  6.3506e-02,  5.4950e-01,
            1.0273e-01,  9.7474e-01, -3.3064e-01,  7.6280e-01,  2.6536e-01],
          [-1.7999e-01,  1.5237e+00, -2.5880e+00,  4.6935e-01,  1.2053e+00,
            7.2233e-01, -1.1009e-01,  1.3856e+00, -1.8059e+00,  3.6102e-01],
          [ 3.2923e-01, -1.9976e+00, -1.5683e-01,  9.8757e-01, -1.2515e-01,
           -1.8038e+00, -1.2880e+00, -1.3553e+00, -1.1578e+00, -8.0907e-01],
          [-7.9195e-01, -3.6088e-01, -5.2819e-01, -1.3964e+00,  5.2603e-01,
           -1.8895e-01,  1.5955e+00,  2.0198e+00, -1.0841e+00, -7.7018e-01],
          [ 5.9524e-01,  7.3260e-01, -9.5830e-01,  2.3663e-01, -1.3689e+00,
           -8.2995e-01, -7.3455e-01,  1.5458e-01, -1.5605e+00, -2.2360e-01],
          [ 2.3117e-01, -1.1976e+00,  1.4263e+00,  6.9951e-01,  3.3728e-01,
            1.3033e+00, -1.6866e-01,  2.5392e-02,  2.3948e-01,  8.7456e-01],
          [-4.3707e-01, -1.4064e+00, -3.7624e-01, -1.3753e+00, -6.6811e-01,
           -2.0325e-01, -8.2954e-01, -1.1839e-01,  6.4109e-02,  1.7219e+00],
          [ 5.0443e-01,  1.4248e-01, -2.3593e-01,  7.3800e-01,  6.3991e-01,
           -6.0098e-01,  3.4854e-01, -5.9815e-02,  1.5254e-01, -1.5872e-02]],

         [[-2.3303e+00,  1.8828e-01,  1.0120e+00, -1.0208e+00, -5.9909e-01,
           -1.0846e+00,  1.6714e-01, -1.1620e+00,  1.3285e+00,  3.3157e-01],
          [-1.1950e+00, -9.5770e-01, -1.1608e+00,  5.6880e-01, -7.2539e-01,
           -6.9248e-01, -7.9766e-01,  1.6034e+00, -1.8934e+00,  1.6605e+00],
          [-4.3152e-01, -3.0981e-01, -6.4865e-01,  4.6386e-01, -1.5075e+00,
            1.3549e+00, -1.3857e+00, -3.4716e-01,  1.1075e+00, -8.7377e-01],
          [-9.0638e-02, -2.4067e+00,  1.4620e-01,  3.0619e+00,  2.2298e-01,
           -3.5744e-01, -1.5895e+00,  5.3988e-01,  5.3299e-01,  1.5003e+00],
          [-1.6157e+00, -1.6848e+00, -5.4170e-01, -3.2747e-01,  5.5928e-01,
           -6.6025e-01,  1.9991e+00,  1.7425e+00,  1.6034e+00,  1.0005e+00],
          [-9.7314e-01, -1.1787e+00,  4.0030e-01,  3.9891e-01, -2.1664e+00,
            7.7990e-01,  9.7360e-01, -7.1998e-01, -2.6818e-01, -9.8353e-02],
          [-2.7820e-01,  7.7480e-01,  1.6391e+00,  5.4669e-01,  4.0615e-01,
            1.0481e+00,  2.1364e-01, -3.8719e-01, -9.8203e-01,  5.5799e-01],
          [-1.1339e+00,  5.7259e-01,  7.1132e-01,  5.4311e-01, -1.8792e+00,
            6.4031e-01, -1.7311e+00,  1.2568e+00, -9.9871e-01, -3.6810e-01],
          [-8.2295e-01,  4.7627e-01,  7.1669e-01,  1.2922e+00,  4.9555e-01,
           -4.1747e-01, -2.9889e-01, -1.5137e+00,  1.5777e-01, -2.1115e+00],
          [-1.1270e+00, -5.0067e-01,  1.0931e+00, -1.3925e+00, -3.9750e-01,
           -7.6798e-01, -3.1182e-01,  1.1475e+00, -6.3969e-01,  1.0221e+00]]]])
        dmbd_model = DMBD()
        output     = {'latent_states': None, 'loss': tensor(-230.2585), 'reconstructed': None}
        random_seed = 42
        seq_length = 5
        torch_device = device(type='cpu')
../../../.local/lib/python3.10/site-packages/torch/nn/modules/module.py:1695: in __getattr__
    raise AttributeError(f"'{type(self).__name__}' object has no attribute '{name}'")
E   AttributeError: 'DMBD' object has no attribute 'loss'
        _buffers   = OrderedDict()
        _parameters = OrderedDict()
        modules    = OrderedDict()
        name       = 'loss'
        self       = DMBD()

During handling of the above exception, another exception occurred:
fork/tests/test_dmbd_basic.py:295: in test_dmbd_memory_cleanup
    pytest.fail(f"Memory cleanup test failed: {e}")
E   Failed: Memory cleanup test failed: 'DMBD' object has no attribute 'loss'
        batch_size = 2
        data       = tensor([[[[-7.2163e-01,  3.2184e-01, -1.5022e+00,  2.4860e-01, -7.2074e-01,
            6.8175e-02, -1.9805e-01,  1.5263e+00,  3.4993e-01, -4.2793e-01],
          [-1.4936e+00,  9.3998e-01, -1.3390e-01,  6.7574e-01, -1.0327e+00,
           -1.1962e+00,  9.0903e-01, -4.7992e-01, -1.6753e+00,  7.0106e-01],
          [-3.0568e-01, -1.1111e+00, -2.5210e+00,  1.2212e+00, -5.0478e-01,
            3.3158e-02,  2.3767e-01,  1.4867e+00,  6.7933e-01, -2.1894e-01],
          [-5.2245e-01, -1.7659e+00, -2.1843e-01,  6.4038e-01,  6.2731e-01,
            2.5819e-01, -8.7382e-01,  1.1256e+00,  1.4099e+00,  1.6952e+00],
          [-5.8789e-01,  6.4265e-01, -2.2595e-01, -2.0332e-01, -1.1045e+00,
           -3.4607e-01, -4.2958e-01, -2.1278e-01, -4.7381e-01, -1.9267e+00],
          [-4.3140e-01, -3.9080e-01, -8.9754e-01,  1.0368e+00, -7.2488e-01,
           -4.0214e-01, -2.0944e-01, -4.3108e-01, -4.0567e-01, -1.5993e+00],
          [-4.2951e-01,  2.7168e-01,  6.0502e-01, -2.5423e-01,  1.9714e+00,
            7.4521e-01,  1.2246e+00,  5.3672e-01,  4.1322e-01,  5.1995e-01],
          [-2.6209e-01,  1.2980e+00,  1.8989e-01, -1.9908e-01, -1.5720e-02,
            6.6808e-01, -7.3810e-01, -1.4386e+00, -1.6181e-02, -6.8527e-01],
          [-2.6461e-01,  4.6389e-01, -9.9203e-01,  8.4372e-01,  1.1846e+00,
            9.5788e-02,  4.3241e-03,  6.0985e-01,  6.8759e-01,  6.3540e-01],
          [ 4.1721e-01, -4.5732e-01,  1.1343e-01,  2.1779e+00, -1.3624e+00,
           -2.3694e+00, -3.0323e-02,  1.1765e+00, -6.1467e-01, -1.7287e+00]],

         [[ 5.2327e-01, -2.7991e-02,  1.0090e-01,  7.7000e-01, -1.8194e-01,
           -2.3207e-01, -1.5629e+00,  7.9034e-02,  7.4278e-01,  1.0164e+00],
          [-1.8820e+00,  1.6602e+00, -1.2225e+00, -3.0193e-01,  1.6017e-01,
            5.2514e-01,  5.3325e-01, -1.8240e+00,  1.2889e-01, -1.1858e+00],
          [-1.6206e-01,  3.9513e-01, -1.4926e+00, -3.6206e-01, -4.4947e-01,
            1.1659e-01,  3.4372e-02,  5.2789e-01, -1.2452e+00, -9.9918e-01],
          [ 6.4531e-01, -8.1806e-01, -6.3846e-03, -6.5956e-01, -2.0945e+00,
            1.0079e+00,  1.1767e-01, -2.8114e-01,  3.0299e-01, -3.7228e-01],
          [-3.8030e-01,  7.5714e-01, -4.2182e-01,  2.0783e-01,  7.5363e-02,
           -1.2906e+00,  4.0608e-01, -1.4317e-01, -1.6213e+00, -1.2142e+00],
          [ 2.7782e-02,  6.0579e-01, -1.7293e+00, -9.5219e-02,  9.8463e-01,
           -1.5294e+00, -1.7697e+00,  2.3065e+00, -5.5766e-01, -1.2605e+00],
          [ 3.2775e-01,  4.3592e-01,  2.2397e+00,  1.0835e+00, -6.3986e-01,
            2.3008e-01,  5.8404e-01,  9.7090e-01,  2.3679e-01,  3.9279e-01],
          [-3.0506e-01,  1.1023e+00, -3.9688e-02,  1.2424e+00, -3.7855e-02,
            1.0238e+00, -8.1890e-02, -2.5470e-01,  5.3552e-01,  1.0009e-02],
          [ 2.6574e+00, -1.2424e+00,  4.7107e-01, -1.5705e+00, -9.2377e-01,
            8.6063e-01, -6.6271e-01, -7.8717e-01, -2.5052e+00,  3.8784e-01],
          [-1.6513e+00, -1.1658e+00, -7.5697e-02, -4.6791e-01, -1.4520e+00,
            5.6054e-01, -2.1449e+00, -7.9714e-01, -8.8840e-01,  9.0323e-01]],

         [[-8.5283e-01,  1.7408e+00,  1.1237e+00,  1.6089e+00, -3.4688e-01,
            4.8595e-01, -1.2517e+00, -1.6062e-01,  8.9878e-01,  1.5410e+00],
          [ 4.1756e-01, -1.3214e+00,  1.4801e-01, -1.0768e-01,  8.2034e-01,
           -3.2357e-01,  4.9379e-01, -2.8769e-01, -2.3706e-01,  1.0385e+00],
          [-8.0531e-01,  1.3559e-01, -1.7889e+00, -1.4834e-02,  7.1891e-01,
           -7.5414e-01,  9.7235e-01,  5.1255e-01, -2.0188e+00,  1.5727e+00],
          [-1.8600e+00, -1.5193e+00, -1.2355e+00, -1.4507e+00,  1.2255e+00,
           -4.0974e-01, -6.7004e-01, -1.0434e+00, -1.2855e+00, -1.6636e+00],
          [ 4.1357e-01, -1.3044e+00, -9.0702e-01,  1.5369e-01, -1.3609e+00,
            7.8436e-03,  1.3124e-01,  1.0017e-01,  4.6162e-01,  1.3168e+00],
          [ 5.2716e-01, -8.5950e-01,  1.6569e-01,  1.4680e+00, -1.1299e+00,
            7.8746e-01, -2.0507e+00,  9.5116e-01, -2.8042e+00,  1.1064e+00],
          [ 6.9733e-01, -1.3804e+00,  1.4007e-01, -5.5109e-01,  1.2722e+00,
           -2.6684e-01, -9.7650e-01, -9.6494e-01,  2.7561e+00, -4.4952e-01],
          [ 6.6319e-01, -6.3616e-01, -3.0236e-01, -1.2515e+00, -1.2063e+00,
            7.1362e-01,  1.8124e+00,  2.1521e-01, -1.5537e+00,  2.0130e-01],
          [-1.8251e+00,  9.0396e-02,  1.1107e+00,  4.9761e-01, -6.6275e-02,
           -2.4975e-01, -1.0614e-01,  1.0090e-01, -8.8199e-01,  2.2304e-01],
          [-9.8724e-01, -8.6105e-01, -2.4398e+00, -5.2865e-01, -1.1319e+00,
           -4.3159e-01,  3.1286e-01,  9.6354e-01, -4.0077e-01, -1.9749e+00]],

         [[-5.9936e-01,  1.5397e-01,  8.2888e-02,  6.2465e-01,  4.9886e-01,
            2.5357e-01,  3.3163e+00, -1.2809e+00,  3.4014e-01, -1.2497e+00],
          [-7.1874e-01,  7.8392e-01, -1.7819e+00,  1.3514e+00, -8.0199e-01,
           -1.0689e-01,  1.2266e+00,  1.0459e+00,  3.4412e-01,  5.1378e-01],
          [ 1.3103e-01, -9.8350e-01, -8.3396e-01,  2.1430e-02, -2.4559e-01,
           -1.1887e+00, -1.4906e+00, -4.8984e-01,  1.0669e+00, -9.4232e-01],
          [ 2.1226e+00, -6.8615e-01, -9.2015e-01,  1.4707e+00,  1.3320e+00,
           -3.7676e-01, -1.6623e+00,  4.9196e-01, -4.5608e-01,  8.3349e-01],
          [-2.3784e+00,  1.1019e+00, -4.2508e-01, -5.8430e-01, -1.9271e-01,
           -1.4323e-01, -1.2750e-01, -1.4555e-01,  6.6112e-01,  4.0896e-01],
          [-1.8737e+00, -5.6137e-01,  1.4221e-01, -1.1393e+00,  2.6638e-01,
           -2.4676e-01,  2.0257e+00,  4.7219e-01,  5.3487e-01, -1.7532e-01],
          [ 3.4117e-02, -8.0591e-01,  2.3057e-02, -5.2580e-01,  8.4765e-02,
            8.0335e-01, -2.9679e-01, -5.3804e-01, -2.2972e-02, -1.5372e-01],
          [-3.1805e-01,  8.6992e-01, -1.8670e+00, -1.5603e+00,  7.0352e-01,
           -7.8836e-01, -1.8685e-02,  1.0209e+00, -8.2928e-01,  2.7710e+00],
          [-6.5051e-01,  1.4583e-01, -1.1355e-01,  5.7032e-01, -7.1066e-01,
            6.6862e-01,  2.0554e-02,  4.1726e-01, -1.5090e+00, -6.4926e-01],
          [-1.1297e+00, -1.4134e+00,  6.4355e-01,  2.5218e-01,  1.4023e-01,
           -4.7421e-02,  1.1741e+00,  1.5043e-01,  2.3656e-01, -3.3323e-01]],

         [[ 1.9807e-01, -1.7086e+00, -4.5145e-01, -1.4592e-01, -9.8035e-01,
           -1.9398e+00, -1.6491e+00, -2.1116e-01, -1.7069e+00, -7.7828e-01],
          [ 3.7278e-01,  1.4952e+00, -5.9324e-01,  1.1866e+00,  6.2120e-01,
            2.2819e-01,  2.2700e-02,  2.6065e+00,  7.3980e-01, -1.9722e-01],
          [ 4.7823e-01,  5.7030e-01,  1.4653e+00,  4.9554e-01,  2.3811e+00,
           -9.0745e-01, -2.5070e-01, -1.3566e+00, -2.0418e+00, -6.3630e-01],
          [ 6.1663e-01,  1.4992e+00, -2.2923e-01, -7.6376e-01,  6.6212e-01,
            1.2414e+00,  3.5861e-01,  1.0816e+00, -1.5303e-01, -6.2756e-02],
          [ 6.6791e-01,  9.6450e-01, -5.1943e-01, -3.1123e-02, -5.6675e-01,
            1.6432e+00, -1.3243e+00, -1.8823e-01, -1.6329e-01, -2.0073e-01],
          [-8.4369e-01,  4.8027e-02, -3.2070e-01,  1.6079e+00, -8.3375e-01,
           -1.2370e+00, -6.3397e-02,  1.6659e-01,  8.6475e-01, -2.5865e+00],
          [ 1.0775e+00, -9.2217e-01,  6.9405e-01, -6.1478e-01,  1.5111e+00,
            1.2384e+00,  1.3339e+00, -5.9347e-01,  9.8266e-01,  5.3607e-01],
          [ 2.7458e-01, -1.9985e-01, -2.1987e+00,  1.5723e-01,  8.4129e-01,
            5.1387e-01, -1.2952e+00,  1.3312e+00, -5.3536e-01, -1.3297e+00],
          [-4.7464e-01,  7.9240e-01,  2.8482e-01,  1.6411e+00, -1.8552e+00,
            8.8665e-01,  6.6491e-01, -1.0506e+00, -1.8308e-01, -2.3692e-01],
          [ 4.9157e-01, -1.8673e+00, -6.3831e-01,  2.5506e-01, -2.1588e-01,
            1.1567e+00, -1.7086e+00,  1.2886e-01,  5.3881e-01,  8.5985e-01]]],


        [[[ 1.7888e+00, -1.2066e-01, -1.7084e-01,  5.1968e-01,  7.4675e-01,
           -2.3666e+00, -4.1887e-01, -3.0554e-01,  3.6173e-01, -2.3187e-01],
          [ 1.3133e+00, -8.3005e-02, -6.6922e-01, -9.2170e-01, -8.6392e-01,
            1.2070e+00,  5.6124e-01, -1.6812e+00, -6.6198e-01, -5.5004e-01],
          [-1.5195e-02,  5.9405e-02, -7.2219e-01, -3.1560e-01,  1.8617e+00,
            7.7439e-01,  6.9818e-01, -5.0450e-01,  8.0876e-01,  1.4947e-02],
          [ 1.2673e+00,  2.6225e-01, -1.6094e-01,  5.0347e-01, -5.3358e-01,
            1.2717e+00,  5.9556e-01,  1.5494e+00,  3.5008e-01, -8.3823e-01],
          [-8.2173e-01,  1.7996e+00, -1.6586e+00, -5.2498e-01,  2.9823e-01,
            7.2922e-01, -6.4922e-01,  1.6620e+00,  2.9834e-01,  5.2347e-01],
          [ 1.0765e+00,  1.8963e+00, -3.0864e-01, -4.4846e-01, -1.0793e+00,
           -6.2331e-01,  3.9146e-01, -1.8861e+00,  7.6985e-01,  5.2456e-02],
          [ 5.9447e-02, -1.3217e+00,  6.1389e-01, -1.0498e+00,  7.6508e-01,
           -1.0874e+00,  1.6692e+00,  8.5413e-01, -5.4184e-01,  4.5163e-02],
          [-4.2891e-01, -1.0084e-01,  1.0991e-01, -7.9707e-01,  2.6695e-01,
            1.0999e+00,  2.4240e-01,  1.3970e-01, -4.2117e-01, -6.5262e-01],
          [-4.2469e-01, -1.7663e+00, -4.7045e-01,  3.1048e-01,  9.8558e-01,
           -9.4335e-01, -9.3764e-01,  8.1813e-01,  7.8321e-01, -8.9140e-01],
          [-2.2840e+00,  9.4724e-01, -1.0903e+00, -4.1918e-01,  7.3191e-01,
            9.1293e-01, -9.1286e-01,  7.8357e-01,  9.8248e-02,  3.7808e-01]],

         [[-1.9889e+00, -1.3848e+00, -4.9582e-01, -4.8583e-01, -8.4753e-02,
            8.7826e-01,  1.0533e+00, -2.4840e+00,  7.4784e-01, -1.1154e-02],
          [ 2.7603e+00, -3.4035e-01, -1.2960e+00,  6.1991e-01, -2.7515e-01,
            3.2935e-01,  3.1417e-01, -1.5719e+00,  9.0657e-01, -1.6466e+00],
          [-2.0335e+00, -9.7368e-01, -5.5848e-02, -2.9294e-02, -1.6352e+00,
           -4.1606e-01, -2.5199e-01,  6.0727e-01, -4.2168e-01,  1.2885e-01],
          [-7.8665e-01,  5.5785e-02, -8.6203e-01,  2.1835e-01,  1.9596e-01,
           -6.7863e-02, -2.5701e-01,  1.5310e+00, -7.1312e-03,  1.8667e+00],
          [ 1.1561e+00,  3.1692e-01,  4.1391e-01, -2.4968e+00, -9.9707e-01,
            3.1226e-01,  3.6908e-01,  1.4089e-01, -4.6397e-01, -1.6965e-01],
          [ 1.6810e-01,  2.4582e-01, -8.1709e-01, -1.7030e-02, -9.4853e-01,
           -7.7427e-01, -1.7449e+00, -1.2262e+00, -1.9906e-01,  1.2103e-01],
          [-1.4905e-01, -6.1349e-01, -1.2126e+00, -4.7886e-01,  1.6280e-01,
            4.1555e-02,  1.1195e+00,  1.0299e+00, -1.0997e-01, -1.5015e+00],
          [-7.4629e-01, -1.1172e+00, -3.3502e-01, -2.9458e-01,  2.5544e+00,
           -3.0570e-01,  4.4086e-01, -1.4797e-01, -7.3823e-01,  6.8837e-01],
          [-7.6710e-01,  3.6259e-01,  3.5206e-01,  8.5474e-01, -1.2226e+00,
            2.6828e+00,  1.1670e+00, -1.0294e+00,  2.2449e-01, -1.0633e+00],
          [ 9.6470e-01,  7.8916e-01, -2.8614e-01,  1.8540e-01, -4.8809e-01,
           -9.8614e-01,  2.2533e-02, -6.2167e-01, -7.7471e-01, -2.3581e-01]],

         [[-3.0582e-01, -4.3587e-01, -1.0296e+00,  4.6350e-01, -1.3379e-01,
            1.6255e+00,  2.9690e-01, -5.4105e-02,  7.0802e-01,  4.9093e-02],
          [-6.8988e-01, -4.8931e-02,  2.2810e-02, -6.2112e-01, -2.4932e+00,
           -1.0618e+00, -7.4389e-01,  7.3511e-01,  6.1442e-01, -1.3945e+00],
          [-4.0137e-01,  1.0077e-01, -5.5033e-01, -3.8637e-01,  8.1522e-04,
            5.7164e-01, -2.8744e-01, -8.3532e-01,  1.8025e+00,  2.5390e-01],
          [ 3.9833e-01,  1.1376e+00,  1.1896e+00,  7.7948e-01,  2.1834e-01,
            1.3300e+00, -5.6615e-02,  1.2096e+00,  2.5644e-01,  7.3774e-02],
          [ 9.4330e-01, -7.5259e-01,  1.0794e+00, -2.6049e-01,  3.6312e-02,
            1.6752e+00, -3.6317e-01,  1.0259e+00,  1.0710e+00,  9.7294e-01],
          [ 9.2606e-01, -7.9499e-01, -1.3871e-01,  1.8331e+00,  1.2425e+00,
           -1.7387e+00, -1.4844e-01,  5.5316e-01, -9.7852e-01, -9.4622e-02],
          [-1.2885e+00, -1.6171e+00,  3.9853e-02, -1.6587e+00,  6.4067e-01,
            5.9405e-01, -8.6461e-01, -4.3252e-01, -6.3259e-01, -2.1623e-01],
          [ 4.8678e-02, -1.1553e+00,  7.6614e-01, -1.0255e+00,  3.5908e+00,
            1.7581e+00,  7.5202e-01,  4.5419e-01, -1.8150e+00,  1.3089e+00],
          [-2.0262e-01,  1.4848e+00,  6.2381e-02,  3.7575e-01,  1.2305e-01,
            4.2757e-01,  1.1211e+00,  1.7365e+00,  3.6293e-01,  2.1444e-01],
          [ 1.2596e+00, -1.8813e+00, -3.2790e-02, -5.1225e-01,  1.8405e+00,
           -6.9080e-01,  4.3913e-01,  4.7493e-01,  3.6636e-01, -1.6007e+00]],

         [[ 3.1188e-01,  5.8871e-01,  1.0270e+00,  7.4853e-01, -5.1153e-01,
           -6.8316e-01, -1.4136e-02,  8.1922e-01, -1.0777e+00, -4.4542e-01],
          [-4.4854e-01, -1.6437e+00, -2.2384e-01,  1.5011e+00,  1.2255e+00,
            1.6995e+00,  1.4609e+00,  2.0646e-01,  2.9500e-01, -3.5099e-01],
          [-1.3346e+00, -4.3112e-01,  2.8136e-01,  6.3506e-02,  5.4950e-01,
            1.0273e-01,  9.7474e-01, -3.3064e-01,  7.6280e-01,  2.6536e-01],
          [-1.7999e-01,  1.5237e+00, -2.5880e+00,  4.6935e-01,  1.2053e+00,
            7.2233e-01, -1.1009e-01,  1.3856e+00, -1.8059e+00,  3.6102e-01],
          [ 3.2923e-01, -1.9976e+00, -1.5683e-01,  9.8757e-01, -1.2515e-01,
           -1.8038e+00, -1.2880e+00, -1.3553e+00, -1.1578e+00, -8.0907e-01],
          [-7.9195e-01, -3.6088e-01, -5.2819e-01, -1.3964e+00,  5.2603e-01,
           -1.8895e-01,  1.5955e+00,  2.0198e+00, -1.0841e+00, -7.7018e-01],
          [ 5.9524e-01,  7.3260e-01, -9.5830e-01,  2.3663e-01, -1.3689e+00,
           -8.2995e-01, -7.3455e-01,  1.5458e-01, -1.5605e+00, -2.2360e-01],
          [ 2.3117e-01, -1.1976e+00,  1.4263e+00,  6.9951e-01,  3.3728e-01,
            1.3033e+00, -1.6866e-01,  2.5392e-02,  2.3948e-01,  8.7456e-01],
          [-4.3707e-01, -1.4064e+00, -3.7624e-01, -1.3753e+00, -6.6811e-01,
           -2.0325e-01, -8.2954e-01, -1.1839e-01,  6.4109e-02,  1.7219e+00],
          [ 5.0443e-01,  1.4248e-01, -2.3593e-01,  7.3800e-01,  6.3991e-01,
           -6.0098e-01,  3.4854e-01, -5.9815e-02,  1.5254e-01, -1.5872e-02]],

         [[-2.3303e+00,  1.8828e-01,  1.0120e+00, -1.0208e+00, -5.9909e-01,
           -1.0846e+00,  1.6714e-01, -1.1620e+00,  1.3285e+00,  3.3157e-01],
          [-1.1950e+00, -9.5770e-01, -1.1608e+00,  5.6880e-01, -7.2539e-01,
           -6.9248e-01, -7.9766e-01,  1.6034e+00, -1.8934e+00,  1.6605e+00],
          [-4.3152e-01, -3.0981e-01, -6.4865e-01,  4.6386e-01, -1.5075e+00,
            1.3549e+00, -1.3857e+00, -3.4716e-01,  1.1075e+00, -8.7377e-01],
          [-9.0638e-02, -2.4067e+00,  1.4620e-01,  3.0619e+00,  2.2298e-01,
           -3.5744e-01, -1.5895e+00,  5.3988e-01,  5.3299e-01,  1.5003e+00],
          [-1.6157e+00, -1.6848e+00, -5.4170e-01, -3.2747e-01,  5.5928e-01,
           -6.6025e-01,  1.9991e+00,  1.7425e+00,  1.6034e+00,  1.0005e+00],
          [-9.7314e-01, -1.1787e+00,  4.0030e-01,  3.9891e-01, -2.1664e+00,
            7.7990e-01,  9.7360e-01, -7.1998e-01, -2.6818e-01, -9.8353e-02],
          [-2.7820e-01,  7.7480e-01,  1.6391e+00,  5.4669e-01,  4.0615e-01,
            1.0481e+00,  2.1364e-01, -3.8719e-01, -9.8203e-01,  5.5799e-01],
          [-1.1339e+00,  5.7259e-01,  7.1132e-01,  5.4311e-01, -1.8792e+00,
            6.4031e-01, -1.7311e+00,  1.2568e+00, -9.9871e-01, -3.6810e-01],
          [-8.2295e-01,  4.7627e-01,  7.1669e-01,  1.2922e+00,  4.9555e-01,
           -4.1747e-01, -2.9889e-01, -1.5137e+00,  1.5777e-01, -2.1115e+00],
          [-1.1270e+00, -5.0067e-01,  1.0931e+00, -1.3925e+00, -3.9750e-01,
           -7.6798e-01, -3.1182e-01,  1.1475e+00, -6.3969e-01,  1.0221e+00]]]])
        dmbd_model = DMBD()
        output     = {'latent_states': None, 'loss': tensor(-230.2585), 'reconstructed': None}
        random_seed = 42
        seq_length = 5
        torch_device = device(type='cpu')</failure></testcase><testcase classname="tests.test_dmbd_basic" name="test_dmbd_parameter_shapes" time="0.007" /><testcase classname="tests.test_dmbd_basic" name="test_dmbd_initialization" time="0.006" /><testcase classname="tests.test_dmbd_basic" name="test_dmbd_multiple_objects" time="0.022" /><testcase classname="tests.test_dmbd_basic" name="test_dmbd_forward_pass" time="0.021" /><testcase classname="tests.test_dmbd_basic" name="test_dmbd_gradient_flow" time="0.007"><failure message="Failed: Gradient flow test failed: optimizer got an empty parameter list">fork/tests/test_dmbd_basic.py:301: in test_dmbd_gradient_flow
    optimizer = torch.optim.Adam(dmbd_model.parameters(), lr=0.01)
        dmbd_model = DMBD()
        random_seed = 42
        torch_device = device(type='cpu')
../../../.local/lib/python3.10/site-packages/torch/optim/adam.py:45: in __init__
    super().__init__(params, defaults)
        __class__  = &lt;class 'torch.optim.adam.Adam'&gt;
        amsgrad    = False
        betas      = (0.9, 0.999)
        capturable = False
        defaults   = {'amsgrad': False,
 'betas': (0.9, 0.999),
 'capturable': False,
 'differentiable': False,
 'eps': 1e-08,
 'foreach': None,
 'fused': None,
 'lr': 0.01,
 'maximize': False,
 'weight_decay': 0}
        differentiable = False
        eps        = 1e-08
        foreach    = None
        fused      = None
        lr         = 0.01
        maximize   = False
        params     = &lt;generator object Module.parameters at 0x7c775a8ab220&gt;
        self       = Adam ()
        weight_decay = 0
../../../.local/lib/python3.10/site-packages/torch/optim/optimizer.py:261: in __init__
    raise ValueError("optimizer got an empty parameter list")
E   ValueError: optimizer got an empty parameter list
        defaults   = {'amsgrad': False,
 'betas': (0.9, 0.999),
 'capturable': False,
 'differentiable': False,
 'eps': 1e-08,
 'foreach': None,
 'fused': None,
 'lr': 0.01,
 'maximize': False,
 'weight_decay': 0}
        param_groups = []
        params     = &lt;generator object Module.parameters at 0x7c775a8ab220&gt;
        self       = Adam ()

During handling of the above exception, another exception occurred:
fork/tests/test_dmbd_basic.py:338: in test_dmbd_gradient_flow
    pytest.fail(f"Gradient flow test failed: {e}")
E   Failed: Gradient flow test failed: optimizer got an empty parameter list
        dmbd_model = DMBD()
        random_seed = 42
        torch_device = device(type='cpu')</failure></testcase><testcase classname="tests.test_dmbd_basic" name="test_dmbd_loss_computation" time="0.022"><failure message="Failed: Loss computation failed: 'DMBD' object has no attribute 'loss'">fork/tests/test_dmbd_basic.py:118: in test_dmbd_loss_computation
    loss = dmbd_model.loss(data, output)
        batch_size = 2
        data       = tensor([[[[-7.2163e-01,  3.2184e-01, -1.5022e+00,  2.4860e-01, -7.2074e-01,
            6.8175e-02, -1.9805e-01,  1.5263e+00,  3.4993e-01, -4.2793e-01],
          [-1.4936e+00,  9.3998e-01, -1.3390e-01,  6.7574e-01, -1.0327e+00,
           -1.1962e+00,  9.0903e-01, -4.7992e-01, -1.6753e+00,  7.0106e-01],
          [-3.0568e-01, -1.1111e+00, -2.5210e+00,  1.2212e+00, -5.0478e-01,
            3.3158e-02,  2.3767e-01,  1.4867e+00,  6.7933e-01, -2.1894e-01],
          [-5.2245e-01, -1.7659e+00, -2.1843e-01,  6.4038e-01,  6.2731e-01,
            2.5819e-01, -8.7382e-01,  1.1256e+00,  1.4099e+00,  1.6952e+00],
          [-5.8789e-01,  6.4265e-01, -2.2595e-01, -2.0332e-01, -1.1045e+00,
           -3.4607e-01, -4.2958e-01, -2.1278e-01, -4.7381e-01, -1.9267e+00],
          [-4.3140e-01, -3.9080e-01, -8.9754e-01,  1.0368e+00, -7.2488e-01,
           -4.0214e-01, -2.0944e-01, -4.3108e-01, -4.0567e-01, -1.5993e+00],
          [-4.2951e-01,  2.7168e-01,  6.0502e-01, -2.5423e-01,  1.9714e+00,
            7.4521e-01,  1.2246e+00,  5.3672e-01,  4.1322e-01,  5.1995e-01],
          [-2.6209e-01,  1.2980e+00,  1.8989e-01, -1.9908e-01, -1.5720e-02,
            6.6808e-01, -7.3810e-01, -1.4386e+00, -1.6181e-02, -6.8527e-01],
          [-2.6461e-01,  4.6389e-01, -9.9203e-01,  8.4372e-01,  1.1846e+00,
            9.5788e-02,  4.3241e-03,  6.0985e-01,  6.8759e-01,  6.3540e-01],
          [ 4.1721e-01, -4.5732e-01,  1.1343e-01,  2.1779e+00, -1.3624e+00,
           -2.3694e+00, -3.0323e-02,  1.1765e+00, -6.1467e-01, -1.7287e+00]],

         [[ 5.2327e-01, -2.7991e-02,  1.0090e-01,  7.7000e-01, -1.8194e-01,
           -2.3207e-01, -1.5629e+00,  7.9034e-02,  7.4278e-01,  1.0164e+00],
          [-1.8820e+00,  1.6602e+00, -1.2225e+00, -3.0193e-01,  1.6017e-01,
            5.2514e-01,  5.3325e-01, -1.8240e+00,  1.2889e-01, -1.1858e+00],
          [-1.6206e-01,  3.9513e-01, -1.4926e+00, -3.6206e-01, -4.4947e-01,
            1.1659e-01,  3.4372e-02,  5.2789e-01, -1.2452e+00, -9.9918e-01],
          [ 6.4531e-01, -8.1806e-01, -6.3846e-03, -6.5956e-01, -2.0945e+00,
            1.0079e+00,  1.1767e-01, -2.8114e-01,  3.0299e-01, -3.7228e-01],
          [-3.8030e-01,  7.5714e-01, -4.2182e-01,  2.0783e-01,  7.5363e-02,
           -1.2906e+00,  4.0608e-01, -1.4317e-01, -1.6213e+00, -1.2142e+00],
          [ 2.7782e-02,  6.0579e-01, -1.7293e+00, -9.5219e-02,  9.8463e-01,
           -1.5294e+00, -1.7697e+00,  2.3065e+00, -5.5766e-01, -1.2605e+00],
          [ 3.2775e-01,  4.3592e-01,  2.2397e+00,  1.0835e+00, -6.3986e-01,
            2.3008e-01,  5.8404e-01,  9.7090e-01,  2.3679e-01,  3.9279e-01],
          [-3.0506e-01,  1.1023e+00, -3.9688e-02,  1.2424e+00, -3.7855e-02,
            1.0238e+00, -8.1890e-02, -2.5470e-01,  5.3552e-01,  1.0009e-02],
          [ 2.6574e+00, -1.2424e+00,  4.7107e-01, -1.5705e+00, -9.2377e-01,
            8.6063e-01, -6.6271e-01, -7.8717e-01, -2.5052e+00,  3.8784e-01],
          [-1.6513e+00, -1.1658e+00, -7.5697e-02, -4.6791e-01, -1.4520e+00,
            5.6054e-01, -2.1449e+00, -7.9714e-01, -8.8840e-01,  9.0323e-01]],

         [[-8.5283e-01,  1.7408e+00,  1.1237e+00,  1.6089e+00, -3.4688e-01,
            4.8595e-01, -1.2517e+00, -1.6062e-01,  8.9878e-01,  1.5410e+00],
          [ 4.1756e-01, -1.3214e+00,  1.4801e-01, -1.0768e-01,  8.2034e-01,
           -3.2357e-01,  4.9379e-01, -2.8769e-01, -2.3706e-01,  1.0385e+00],
          [-8.0531e-01,  1.3559e-01, -1.7889e+00, -1.4834e-02,  7.1891e-01,
           -7.5414e-01,  9.7235e-01,  5.1255e-01, -2.0188e+00,  1.5727e+00],
          [-1.8600e+00, -1.5193e+00, -1.2355e+00, -1.4507e+00,  1.2255e+00,
           -4.0974e-01, -6.7004e-01, -1.0434e+00, -1.2855e+00, -1.6636e+00],
          [ 4.1357e-01, -1.3044e+00, -9.0702e-01,  1.5369e-01, -1.3609e+00,
            7.8436e-03,  1.3124e-01,  1.0017e-01,  4.6162e-01,  1.3168e+00],
          [ 5.2716e-01, -8.5950e-01,  1.6569e-01,  1.4680e+00, -1.1299e+00,
            7.8746e-01, -2.0507e+00,  9.5116e-01, -2.8042e+00,  1.1064e+00],
          [ 6.9733e-01, -1.3804e+00,  1.4007e-01, -5.5109e-01,  1.2722e+00,
           -2.6684e-01, -9.7650e-01, -9.6494e-01,  2.7561e+00, -4.4952e-01],
          [ 6.6319e-01, -6.3616e-01, -3.0236e-01, -1.2515e+00, -1.2063e+00,
            7.1362e-01,  1.8124e+00,  2.1521e-01, -1.5537e+00,  2.0130e-01],
          [-1.8251e+00,  9.0396e-02,  1.1107e+00,  4.9761e-01, -6.6275e-02,
           -2.4975e-01, -1.0614e-01,  1.0090e-01, -8.8199e-01,  2.2304e-01],
          [-9.8724e-01, -8.6105e-01, -2.4398e+00, -5.2865e-01, -1.1319e+00,
           -4.3159e-01,  3.1286e-01,  9.6354e-01, -4.0077e-01, -1.9749e+00]],

         [[-5.9936e-01,  1.5397e-01,  8.2888e-02,  6.2465e-01,  4.9886e-01,
            2.5357e-01,  3.3163e+00, -1.2809e+00,  3.4014e-01, -1.2497e+00],
          [-7.1874e-01,  7.8392e-01, -1.7819e+00,  1.3514e+00, -8.0199e-01,
           -1.0689e-01,  1.2266e+00,  1.0459e+00,  3.4412e-01,  5.1378e-01],
          [ 1.3103e-01, -9.8350e-01, -8.3396e-01,  2.1430e-02, -2.4559e-01,
           -1.1887e+00, -1.4906e+00, -4.8984e-01,  1.0669e+00, -9.4232e-01],
          [ 2.1226e+00, -6.8615e-01, -9.2015e-01,  1.4707e+00,  1.3320e+00,
           -3.7676e-01, -1.6623e+00,  4.9196e-01, -4.5608e-01,  8.3349e-01],
          [-2.3784e+00,  1.1019e+00, -4.2508e-01, -5.8430e-01, -1.9271e-01,
           -1.4323e-01, -1.2750e-01, -1.4555e-01,  6.6112e-01,  4.0896e-01],
          [-1.8737e+00, -5.6137e-01,  1.4221e-01, -1.1393e+00,  2.6638e-01,
           -2.4676e-01,  2.0257e+00,  4.7219e-01,  5.3487e-01, -1.7532e-01],
          [ 3.4117e-02, -8.0591e-01,  2.3057e-02, -5.2580e-01,  8.4765e-02,
            8.0335e-01, -2.9679e-01, -5.3804e-01, -2.2972e-02, -1.5372e-01],
          [-3.1805e-01,  8.6992e-01, -1.8670e+00, -1.5603e+00,  7.0352e-01,
           -7.8836e-01, -1.8685e-02,  1.0209e+00, -8.2928e-01,  2.7710e+00],
          [-6.5051e-01,  1.4583e-01, -1.1355e-01,  5.7032e-01, -7.1066e-01,
            6.6862e-01,  2.0554e-02,  4.1726e-01, -1.5090e+00, -6.4926e-01],
          [-1.1297e+00, -1.4134e+00,  6.4355e-01,  2.5218e-01,  1.4023e-01,
           -4.7421e-02,  1.1741e+00,  1.5043e-01,  2.3656e-01, -3.3323e-01]],

         [[ 1.9807e-01, -1.7086e+00, -4.5145e-01, -1.4592e-01, -9.8035e-01,
           -1.9398e+00, -1.6491e+00, -2.1116e-01, -1.7069e+00, -7.7828e-01],
          [ 3.7278e-01,  1.4952e+00, -5.9324e-01,  1.1866e+00,  6.2120e-01,
            2.2819e-01,  2.2700e-02,  2.6065e+00,  7.3980e-01, -1.9722e-01],
          [ 4.7823e-01,  5.7030e-01,  1.4653e+00,  4.9554e-01,  2.3811e+00,
           -9.0745e-01, -2.5070e-01, -1.3566e+00, -2.0418e+00, -6.3630e-01],
          [ 6.1663e-01,  1.4992e+00, -2.2923e-01, -7.6376e-01,  6.6212e-01,
            1.2414e+00,  3.5861e-01,  1.0816e+00, -1.5303e-01, -6.2756e-02],
          [ 6.6791e-01,  9.6450e-01, -5.1943e-01, -3.1123e-02, -5.6675e-01,
            1.6432e+00, -1.3243e+00, -1.8823e-01, -1.6329e-01, -2.0073e-01],
          [-8.4369e-01,  4.8027e-02, -3.2070e-01,  1.6079e+00, -8.3375e-01,
           -1.2370e+00, -6.3397e-02,  1.6659e-01,  8.6475e-01, -2.5865e+00],
          [ 1.0775e+00, -9.2217e-01,  6.9405e-01, -6.1478e-01,  1.5111e+00,
            1.2384e+00,  1.3339e+00, -5.9347e-01,  9.8266e-01,  5.3607e-01],
          [ 2.7458e-01, -1.9985e-01, -2.1987e+00,  1.5723e-01,  8.4129e-01,
            5.1387e-01, -1.2952e+00,  1.3312e+00, -5.3536e-01, -1.3297e+00],
          [-4.7464e-01,  7.9240e-01,  2.8482e-01,  1.6411e+00, -1.8552e+00,
            8.8665e-01,  6.6491e-01, -1.0506e+00, -1.8308e-01, -2.3692e-01],
          [ 4.9157e-01, -1.8673e+00, -6.3831e-01,  2.5506e-01, -2.1588e-01,
            1.1567e+00, -1.7086e+00,  1.2886e-01,  5.3881e-01,  8.5985e-01]]],


        [[[ 1.7888e+00, -1.2066e-01, -1.7084e-01,  5.1968e-01,  7.4675e-01,
           -2.3666e+00, -4.1887e-01, -3.0554e-01,  3.6173e-01, -2.3187e-01],
          [ 1.3133e+00, -8.3005e-02, -6.6922e-01, -9.2170e-01, -8.6392e-01,
            1.2070e+00,  5.6124e-01, -1.6812e+00, -6.6198e-01, -5.5004e-01],
          [-1.5195e-02,  5.9405e-02, -7.2219e-01, -3.1560e-01,  1.8617e+00,
            7.7439e-01,  6.9818e-01, -5.0450e-01,  8.0876e-01,  1.4947e-02],
          [ 1.2673e+00,  2.6225e-01, -1.6094e-01,  5.0347e-01, -5.3358e-01,
            1.2717e+00,  5.9556e-01,  1.5494e+00,  3.5008e-01, -8.3823e-01],
          [-8.2173e-01,  1.7996e+00, -1.6586e+00, -5.2498e-01,  2.9823e-01,
            7.2922e-01, -6.4922e-01,  1.6620e+00,  2.9834e-01,  5.2347e-01],
          [ 1.0765e+00,  1.8963e+00, -3.0864e-01, -4.4846e-01, -1.0793e+00,
           -6.2331e-01,  3.9146e-01, -1.8861e+00,  7.6985e-01,  5.2456e-02],
          [ 5.9447e-02, -1.3217e+00,  6.1389e-01, -1.0498e+00,  7.6508e-01,
           -1.0874e+00,  1.6692e+00,  8.5413e-01, -5.4184e-01,  4.5163e-02],
          [-4.2891e-01, -1.0084e-01,  1.0991e-01, -7.9707e-01,  2.6695e-01,
            1.0999e+00,  2.4240e-01,  1.3970e-01, -4.2117e-01, -6.5262e-01],
          [-4.2469e-01, -1.7663e+00, -4.7045e-01,  3.1048e-01,  9.8558e-01,
           -9.4335e-01, -9.3764e-01,  8.1813e-01,  7.8321e-01, -8.9140e-01],
          [-2.2840e+00,  9.4724e-01, -1.0903e+00, -4.1918e-01,  7.3191e-01,
            9.1293e-01, -9.1286e-01,  7.8357e-01,  9.8248e-02,  3.7808e-01]],

         [[-1.9889e+00, -1.3848e+00, -4.9582e-01, -4.8583e-01, -8.4753e-02,
            8.7826e-01,  1.0533e+00, -2.4840e+00,  7.4784e-01, -1.1154e-02],
          [ 2.7603e+00, -3.4035e-01, -1.2960e+00,  6.1991e-01, -2.7515e-01,
            3.2935e-01,  3.1417e-01, -1.5719e+00,  9.0657e-01, -1.6466e+00],
          [-2.0335e+00, -9.7368e-01, -5.5848e-02, -2.9294e-02, -1.6352e+00,
           -4.1606e-01, -2.5199e-01,  6.0727e-01, -4.2168e-01,  1.2885e-01],
          [-7.8665e-01,  5.5785e-02, -8.6203e-01,  2.1835e-01,  1.9596e-01,
           -6.7863e-02, -2.5701e-01,  1.5310e+00, -7.1312e-03,  1.8667e+00],
          [ 1.1561e+00,  3.1692e-01,  4.1391e-01, -2.4968e+00, -9.9707e-01,
            3.1226e-01,  3.6908e-01,  1.4089e-01, -4.6397e-01, -1.6965e-01],
          [ 1.6810e-01,  2.4582e-01, -8.1709e-01, -1.7030e-02, -9.4853e-01,
           -7.7427e-01, -1.7449e+00, -1.2262e+00, -1.9906e-01,  1.2103e-01],
          [-1.4905e-01, -6.1349e-01, -1.2126e+00, -4.7886e-01,  1.6280e-01,
            4.1555e-02,  1.1195e+00,  1.0299e+00, -1.0997e-01, -1.5015e+00],
          [-7.4629e-01, -1.1172e+00, -3.3502e-01, -2.9458e-01,  2.5544e+00,
           -3.0570e-01,  4.4086e-01, -1.4797e-01, -7.3823e-01,  6.8837e-01],
          [-7.6710e-01,  3.6259e-01,  3.5206e-01,  8.5474e-01, -1.2226e+00,
            2.6828e+00,  1.1670e+00, -1.0294e+00,  2.2449e-01, -1.0633e+00],
          [ 9.6470e-01,  7.8916e-01, -2.8614e-01,  1.8540e-01, -4.8809e-01,
           -9.8614e-01,  2.2533e-02, -6.2167e-01, -7.7471e-01, -2.3581e-01]],

         [[-3.0582e-01, -4.3587e-01, -1.0296e+00,  4.6350e-01, -1.3379e-01,
            1.6255e+00,  2.9690e-01, -5.4105e-02,  7.0802e-01,  4.9093e-02],
          [-6.8988e-01, -4.8931e-02,  2.2810e-02, -6.2112e-01, -2.4932e+00,
           -1.0618e+00, -7.4389e-01,  7.3511e-01,  6.1442e-01, -1.3945e+00],
          [-4.0137e-01,  1.0077e-01, -5.5033e-01, -3.8637e-01,  8.1522e-04,
            5.7164e-01, -2.8744e-01, -8.3532e-01,  1.8025e+00,  2.5390e-01],
          [ 3.9833e-01,  1.1376e+00,  1.1896e+00,  7.7948e-01,  2.1834e-01,
            1.3300e+00, -5.6615e-02,  1.2096e+00,  2.5644e-01,  7.3774e-02],
          [ 9.4330e-01, -7.5259e-01,  1.0794e+00, -2.6049e-01,  3.6312e-02,
            1.6752e+00, -3.6317e-01,  1.0259e+00,  1.0710e+00,  9.7294e-01],
          [ 9.2606e-01, -7.9499e-01, -1.3871e-01,  1.8331e+00,  1.2425e+00,
           -1.7387e+00, -1.4844e-01,  5.5316e-01, -9.7852e-01, -9.4622e-02],
          [-1.2885e+00, -1.6171e+00,  3.9853e-02, -1.6587e+00,  6.4067e-01,
            5.9405e-01, -8.6461e-01, -4.3252e-01, -6.3259e-01, -2.1623e-01],
          [ 4.8678e-02, -1.1553e+00,  7.6614e-01, -1.0255e+00,  3.5908e+00,
            1.7581e+00,  7.5202e-01,  4.5419e-01, -1.8150e+00,  1.3089e+00],
          [-2.0262e-01,  1.4848e+00,  6.2381e-02,  3.7575e-01,  1.2305e-01,
            4.2757e-01,  1.1211e+00,  1.7365e+00,  3.6293e-01,  2.1444e-01],
          [ 1.2596e+00, -1.8813e+00, -3.2790e-02, -5.1225e-01,  1.8405e+00,
           -6.9080e-01,  4.3913e-01,  4.7493e-01,  3.6636e-01, -1.6007e+00]],

         [[ 3.1188e-01,  5.8871e-01,  1.0270e+00,  7.4853e-01, -5.1153e-01,
           -6.8316e-01, -1.4136e-02,  8.1922e-01, -1.0777e+00, -4.4542e-01],
          [-4.4854e-01, -1.6437e+00, -2.2384e-01,  1.5011e+00,  1.2255e+00,
            1.6995e+00,  1.4609e+00,  2.0646e-01,  2.9500e-01, -3.5099e-01],
          [-1.3346e+00, -4.3112e-01,  2.8136e-01,  6.3506e-02,  5.4950e-01,
            1.0273e-01,  9.7474e-01, -3.3064e-01,  7.6280e-01,  2.6536e-01],
          [-1.7999e-01,  1.5237e+00, -2.5880e+00,  4.6935e-01,  1.2053e+00,
            7.2233e-01, -1.1009e-01,  1.3856e+00, -1.8059e+00,  3.6102e-01],
          [ 3.2923e-01, -1.9976e+00, -1.5683e-01,  9.8757e-01, -1.2515e-01,
           -1.8038e+00, -1.2880e+00, -1.3553e+00, -1.1578e+00, -8.0907e-01],
          [-7.9195e-01, -3.6088e-01, -5.2819e-01, -1.3964e+00,  5.2603e-01,
           -1.8895e-01,  1.5955e+00,  2.0198e+00, -1.0841e+00, -7.7018e-01],
          [ 5.9524e-01,  7.3260e-01, -9.5830e-01,  2.3663e-01, -1.3689e+00,
           -8.2995e-01, -7.3455e-01,  1.5458e-01, -1.5605e+00, -2.2360e-01],
          [ 2.3117e-01, -1.1976e+00,  1.4263e+00,  6.9951e-01,  3.3728e-01,
            1.3033e+00, -1.6866e-01,  2.5392e-02,  2.3948e-01,  8.7456e-01],
          [-4.3707e-01, -1.4064e+00, -3.7624e-01, -1.3753e+00, -6.6811e-01,
           -2.0325e-01, -8.2954e-01, -1.1839e-01,  6.4109e-02,  1.7219e+00],
          [ 5.0443e-01,  1.4248e-01, -2.3593e-01,  7.3800e-01,  6.3991e-01,
           -6.0098e-01,  3.4854e-01, -5.9815e-02,  1.5254e-01, -1.5872e-02]],

         [[-2.3303e+00,  1.8828e-01,  1.0120e+00, -1.0208e+00, -5.9909e-01,
           -1.0846e+00,  1.6714e-01, -1.1620e+00,  1.3285e+00,  3.3157e-01],
          [-1.1950e+00, -9.5770e-01, -1.1608e+00,  5.6880e-01, -7.2539e-01,
           -6.9248e-01, -7.9766e-01,  1.6034e+00, -1.8934e+00,  1.6605e+00],
          [-4.3152e-01, -3.0981e-01, -6.4865e-01,  4.6386e-01, -1.5075e+00,
            1.3549e+00, -1.3857e+00, -3.4716e-01,  1.1075e+00, -8.7377e-01],
          [-9.0638e-02, -2.4067e+00,  1.4620e-01,  3.0619e+00,  2.2298e-01,
           -3.5744e-01, -1.5895e+00,  5.3988e-01,  5.3299e-01,  1.5003e+00],
          [-1.6157e+00, -1.6848e+00, -5.4170e-01, -3.2747e-01,  5.5928e-01,
           -6.6025e-01,  1.9991e+00,  1.7425e+00,  1.6034e+00,  1.0005e+00],
          [-9.7314e-01, -1.1787e+00,  4.0030e-01,  3.9891e-01, -2.1664e+00,
            7.7990e-01,  9.7360e-01, -7.1998e-01, -2.6818e-01, -9.8353e-02],
          [-2.7820e-01,  7.7480e-01,  1.6391e+00,  5.4669e-01,  4.0615e-01,
            1.0481e+00,  2.1364e-01, -3.8719e-01, -9.8203e-01,  5.5799e-01],
          [-1.1339e+00,  5.7259e-01,  7.1132e-01,  5.4311e-01, -1.8792e+00,
            6.4031e-01, -1.7311e+00,  1.2568e+00, -9.9871e-01, -3.6810e-01],
          [-8.2295e-01,  4.7627e-01,  7.1669e-01,  1.2922e+00,  4.9555e-01,
           -4.1747e-01, -2.9889e-01, -1.5137e+00,  1.5777e-01, -2.1115e+00],
          [-1.1270e+00, -5.0067e-01,  1.0931e+00, -1.3925e+00, -3.9750e-01,
           -7.6798e-01, -3.1182e-01,  1.1475e+00, -6.3969e-01,  1.0221e+00]]]])
        dmbd_model = DMBD()
        output     = {'latent_states': None, 'loss': tensor(-230.2585), 'reconstructed': None}
        random_seed = 42
        seq_length = 5
        torch_device = device(type='cpu')
../../../.local/lib/python3.10/site-packages/torch/nn/modules/module.py:1695: in __getattr__
    raise AttributeError(f"'{type(self).__name__}' object has no attribute '{name}'")
E   AttributeError: 'DMBD' object has no attribute 'loss'
        _buffers   = OrderedDict()
        _parameters = OrderedDict()
        modules    = OrderedDict()
        name       = 'loss'
        self       = DMBD()

During handling of the above exception, another exception occurred:
fork/tests/test_dmbd_basic.py:136: in test_dmbd_loss_computation
    pytest.fail(f"Loss computation failed: {e}")
E   Failed: Loss computation failed: 'DMBD' object has no attribute 'loss'
        batch_size = 2
        data       = tensor([[[[-7.2163e-01,  3.2184e-01, -1.5022e+00,  2.4860e-01, -7.2074e-01,
            6.8175e-02, -1.9805e-01,  1.5263e+00,  3.4993e-01, -4.2793e-01],
          [-1.4936e+00,  9.3998e-01, -1.3390e-01,  6.7574e-01, -1.0327e+00,
           -1.1962e+00,  9.0903e-01, -4.7992e-01, -1.6753e+00,  7.0106e-01],
          [-3.0568e-01, -1.1111e+00, -2.5210e+00,  1.2212e+00, -5.0478e-01,
            3.3158e-02,  2.3767e-01,  1.4867e+00,  6.7933e-01, -2.1894e-01],
          [-5.2245e-01, -1.7659e+00, -2.1843e-01,  6.4038e-01,  6.2731e-01,
            2.5819e-01, -8.7382e-01,  1.1256e+00,  1.4099e+00,  1.6952e+00],
          [-5.8789e-01,  6.4265e-01, -2.2595e-01, -2.0332e-01, -1.1045e+00,
           -3.4607e-01, -4.2958e-01, -2.1278e-01, -4.7381e-01, -1.9267e+00],
          [-4.3140e-01, -3.9080e-01, -8.9754e-01,  1.0368e+00, -7.2488e-01,
           -4.0214e-01, -2.0944e-01, -4.3108e-01, -4.0567e-01, -1.5993e+00],
          [-4.2951e-01,  2.7168e-01,  6.0502e-01, -2.5423e-01,  1.9714e+00,
            7.4521e-01,  1.2246e+00,  5.3672e-01,  4.1322e-01,  5.1995e-01],
          [-2.6209e-01,  1.2980e+00,  1.8989e-01, -1.9908e-01, -1.5720e-02,
            6.6808e-01, -7.3810e-01, -1.4386e+00, -1.6181e-02, -6.8527e-01],
          [-2.6461e-01,  4.6389e-01, -9.9203e-01,  8.4372e-01,  1.1846e+00,
            9.5788e-02,  4.3241e-03,  6.0985e-01,  6.8759e-01,  6.3540e-01],
          [ 4.1721e-01, -4.5732e-01,  1.1343e-01,  2.1779e+00, -1.3624e+00,
           -2.3694e+00, -3.0323e-02,  1.1765e+00, -6.1467e-01, -1.7287e+00]],

         [[ 5.2327e-01, -2.7991e-02,  1.0090e-01,  7.7000e-01, -1.8194e-01,
           -2.3207e-01, -1.5629e+00,  7.9034e-02,  7.4278e-01,  1.0164e+00],
          [-1.8820e+00,  1.6602e+00, -1.2225e+00, -3.0193e-01,  1.6017e-01,
            5.2514e-01,  5.3325e-01, -1.8240e+00,  1.2889e-01, -1.1858e+00],
          [-1.6206e-01,  3.9513e-01, -1.4926e+00, -3.6206e-01, -4.4947e-01,
            1.1659e-01,  3.4372e-02,  5.2789e-01, -1.2452e+00, -9.9918e-01],
          [ 6.4531e-01, -8.1806e-01, -6.3846e-03, -6.5956e-01, -2.0945e+00,
            1.0079e+00,  1.1767e-01, -2.8114e-01,  3.0299e-01, -3.7228e-01],
          [-3.8030e-01,  7.5714e-01, -4.2182e-01,  2.0783e-01,  7.5363e-02,
           -1.2906e+00,  4.0608e-01, -1.4317e-01, -1.6213e+00, -1.2142e+00],
          [ 2.7782e-02,  6.0579e-01, -1.7293e+00, -9.5219e-02,  9.8463e-01,
           -1.5294e+00, -1.7697e+00,  2.3065e+00, -5.5766e-01, -1.2605e+00],
          [ 3.2775e-01,  4.3592e-01,  2.2397e+00,  1.0835e+00, -6.3986e-01,
            2.3008e-01,  5.8404e-01,  9.7090e-01,  2.3679e-01,  3.9279e-01],
          [-3.0506e-01,  1.1023e+00, -3.9688e-02,  1.2424e+00, -3.7855e-02,
            1.0238e+00, -8.1890e-02, -2.5470e-01,  5.3552e-01,  1.0009e-02],
          [ 2.6574e+00, -1.2424e+00,  4.7107e-01, -1.5705e+00, -9.2377e-01,
            8.6063e-01, -6.6271e-01, -7.8717e-01, -2.5052e+00,  3.8784e-01],
          [-1.6513e+00, -1.1658e+00, -7.5697e-02, -4.6791e-01, -1.4520e+00,
            5.6054e-01, -2.1449e+00, -7.9714e-01, -8.8840e-01,  9.0323e-01]],

         [[-8.5283e-01,  1.7408e+00,  1.1237e+00,  1.6089e+00, -3.4688e-01,
            4.8595e-01, -1.2517e+00, -1.6062e-01,  8.9878e-01,  1.5410e+00],
          [ 4.1756e-01, -1.3214e+00,  1.4801e-01, -1.0768e-01,  8.2034e-01,
           -3.2357e-01,  4.9379e-01, -2.8769e-01, -2.3706e-01,  1.0385e+00],
          [-8.0531e-01,  1.3559e-01, -1.7889e+00, -1.4834e-02,  7.1891e-01,
           -7.5414e-01,  9.7235e-01,  5.1255e-01, -2.0188e+00,  1.5727e+00],
          [-1.8600e+00, -1.5193e+00, -1.2355e+00, -1.4507e+00,  1.2255e+00,
           -4.0974e-01, -6.7004e-01, -1.0434e+00, -1.2855e+00, -1.6636e+00],
          [ 4.1357e-01, -1.3044e+00, -9.0702e-01,  1.5369e-01, -1.3609e+00,
            7.8436e-03,  1.3124e-01,  1.0017e-01,  4.6162e-01,  1.3168e+00],
          [ 5.2716e-01, -8.5950e-01,  1.6569e-01,  1.4680e+00, -1.1299e+00,
            7.8746e-01, -2.0507e+00,  9.5116e-01, -2.8042e+00,  1.1064e+00],
          [ 6.9733e-01, -1.3804e+00,  1.4007e-01, -5.5109e-01,  1.2722e+00,
           -2.6684e-01, -9.7650e-01, -9.6494e-01,  2.7561e+00, -4.4952e-01],
          [ 6.6319e-01, -6.3616e-01, -3.0236e-01, -1.2515e+00, -1.2063e+00,
            7.1362e-01,  1.8124e+00,  2.1521e-01, -1.5537e+00,  2.0130e-01],
          [-1.8251e+00,  9.0396e-02,  1.1107e+00,  4.9761e-01, -6.6275e-02,
           -2.4975e-01, -1.0614e-01,  1.0090e-01, -8.8199e-01,  2.2304e-01],
          [-9.8724e-01, -8.6105e-01, -2.4398e+00, -5.2865e-01, -1.1319e+00,
           -4.3159e-01,  3.1286e-01,  9.6354e-01, -4.0077e-01, -1.9749e+00]],

         [[-5.9936e-01,  1.5397e-01,  8.2888e-02,  6.2465e-01,  4.9886e-01,
            2.5357e-01,  3.3163e+00, -1.2809e+00,  3.4014e-01, -1.2497e+00],
          [-7.1874e-01,  7.8392e-01, -1.7819e+00,  1.3514e+00, -8.0199e-01,
           -1.0689e-01,  1.2266e+00,  1.0459e+00,  3.4412e-01,  5.1378e-01],
          [ 1.3103e-01, -9.8350e-01, -8.3396e-01,  2.1430e-02, -2.4559e-01,
           -1.1887e+00, -1.4906e+00, -4.8984e-01,  1.0669e+00, -9.4232e-01],
          [ 2.1226e+00, -6.8615e-01, -9.2015e-01,  1.4707e+00,  1.3320e+00,
           -3.7676e-01, -1.6623e+00,  4.9196e-01, -4.5608e-01,  8.3349e-01],
          [-2.3784e+00,  1.1019e+00, -4.2508e-01, -5.8430e-01, -1.9271e-01,
           -1.4323e-01, -1.2750e-01, -1.4555e-01,  6.6112e-01,  4.0896e-01],
          [-1.8737e+00, -5.6137e-01,  1.4221e-01, -1.1393e+00,  2.6638e-01,
           -2.4676e-01,  2.0257e+00,  4.7219e-01,  5.3487e-01, -1.7532e-01],
          [ 3.4117e-02, -8.0591e-01,  2.3057e-02, -5.2580e-01,  8.4765e-02,
            8.0335e-01, -2.9679e-01, -5.3804e-01, -2.2972e-02, -1.5372e-01],
          [-3.1805e-01,  8.6992e-01, -1.8670e+00, -1.5603e+00,  7.0352e-01,
           -7.8836e-01, -1.8685e-02,  1.0209e+00, -8.2928e-01,  2.7710e+00],
          [-6.5051e-01,  1.4583e-01, -1.1355e-01,  5.7032e-01, -7.1066e-01,
            6.6862e-01,  2.0554e-02,  4.1726e-01, -1.5090e+00, -6.4926e-01],
          [-1.1297e+00, -1.4134e+00,  6.4355e-01,  2.5218e-01,  1.4023e-01,
           -4.7421e-02,  1.1741e+00,  1.5043e-01,  2.3656e-01, -3.3323e-01]],

         [[ 1.9807e-01, -1.7086e+00, -4.5145e-01, -1.4592e-01, -9.8035e-01,
           -1.9398e+00, -1.6491e+00, -2.1116e-01, -1.7069e+00, -7.7828e-01],
          [ 3.7278e-01,  1.4952e+00, -5.9324e-01,  1.1866e+00,  6.2120e-01,
            2.2819e-01,  2.2700e-02,  2.6065e+00,  7.3980e-01, -1.9722e-01],
          [ 4.7823e-01,  5.7030e-01,  1.4653e+00,  4.9554e-01,  2.3811e+00,
           -9.0745e-01, -2.5070e-01, -1.3566e+00, -2.0418e+00, -6.3630e-01],
          [ 6.1663e-01,  1.4992e+00, -2.2923e-01, -7.6376e-01,  6.6212e-01,
            1.2414e+00,  3.5861e-01,  1.0816e+00, -1.5303e-01, -6.2756e-02],
          [ 6.6791e-01,  9.6450e-01, -5.1943e-01, -3.1123e-02, -5.6675e-01,
            1.6432e+00, -1.3243e+00, -1.8823e-01, -1.6329e-01, -2.0073e-01],
          [-8.4369e-01,  4.8027e-02, -3.2070e-01,  1.6079e+00, -8.3375e-01,
           -1.2370e+00, -6.3397e-02,  1.6659e-01,  8.6475e-01, -2.5865e+00],
          [ 1.0775e+00, -9.2217e-01,  6.9405e-01, -6.1478e-01,  1.5111e+00,
            1.2384e+00,  1.3339e+00, -5.9347e-01,  9.8266e-01,  5.3607e-01],
          [ 2.7458e-01, -1.9985e-01, -2.1987e+00,  1.5723e-01,  8.4129e-01,
            5.1387e-01, -1.2952e+00,  1.3312e+00, -5.3536e-01, -1.3297e+00],
          [-4.7464e-01,  7.9240e-01,  2.8482e-01,  1.6411e+00, -1.8552e+00,
            8.8665e-01,  6.6491e-01, -1.0506e+00, -1.8308e-01, -2.3692e-01],
          [ 4.9157e-01, -1.8673e+00, -6.3831e-01,  2.5506e-01, -2.1588e-01,
            1.1567e+00, -1.7086e+00,  1.2886e-01,  5.3881e-01,  8.5985e-01]]],


        [[[ 1.7888e+00, -1.2066e-01, -1.7084e-01,  5.1968e-01,  7.4675e-01,
           -2.3666e+00, -4.1887e-01, -3.0554e-01,  3.6173e-01, -2.3187e-01],
          [ 1.3133e+00, -8.3005e-02, -6.6922e-01, -9.2170e-01, -8.6392e-01,
            1.2070e+00,  5.6124e-01, -1.6812e+00, -6.6198e-01, -5.5004e-01],
          [-1.5195e-02,  5.9405e-02, -7.2219e-01, -3.1560e-01,  1.8617e+00,
            7.7439e-01,  6.9818e-01, -5.0450e-01,  8.0876e-01,  1.4947e-02],
          [ 1.2673e+00,  2.6225e-01, -1.6094e-01,  5.0347e-01, -5.3358e-01,
            1.2717e+00,  5.9556e-01,  1.5494e+00,  3.5008e-01, -8.3823e-01],
          [-8.2173e-01,  1.7996e+00, -1.6586e+00, -5.2498e-01,  2.9823e-01,
            7.2922e-01, -6.4922e-01,  1.6620e+00,  2.9834e-01,  5.2347e-01],
          [ 1.0765e+00,  1.8963e+00, -3.0864e-01, -4.4846e-01, -1.0793e+00,
           -6.2331e-01,  3.9146e-01, -1.8861e+00,  7.6985e-01,  5.2456e-02],
          [ 5.9447e-02, -1.3217e+00,  6.1389e-01, -1.0498e+00,  7.6508e-01,
           -1.0874e+00,  1.6692e+00,  8.5413e-01, -5.4184e-01,  4.5163e-02],
          [-4.2891e-01, -1.0084e-01,  1.0991e-01, -7.9707e-01,  2.6695e-01,
            1.0999e+00,  2.4240e-01,  1.3970e-01, -4.2117e-01, -6.5262e-01],
          [-4.2469e-01, -1.7663e+00, -4.7045e-01,  3.1048e-01,  9.8558e-01,
           -9.4335e-01, -9.3764e-01,  8.1813e-01,  7.8321e-01, -8.9140e-01],
          [-2.2840e+00,  9.4724e-01, -1.0903e+00, -4.1918e-01,  7.3191e-01,
            9.1293e-01, -9.1286e-01,  7.8357e-01,  9.8248e-02,  3.7808e-01]],

         [[-1.9889e+00, -1.3848e+00, -4.9582e-01, -4.8583e-01, -8.4753e-02,
            8.7826e-01,  1.0533e+00, -2.4840e+00,  7.4784e-01, -1.1154e-02],
          [ 2.7603e+00, -3.4035e-01, -1.2960e+00,  6.1991e-01, -2.7515e-01,
            3.2935e-01,  3.1417e-01, -1.5719e+00,  9.0657e-01, -1.6466e+00],
          [-2.0335e+00, -9.7368e-01, -5.5848e-02, -2.9294e-02, -1.6352e+00,
           -4.1606e-01, -2.5199e-01,  6.0727e-01, -4.2168e-01,  1.2885e-01],
          [-7.8665e-01,  5.5785e-02, -8.6203e-01,  2.1835e-01,  1.9596e-01,
           -6.7863e-02, -2.5701e-01,  1.5310e+00, -7.1312e-03,  1.8667e+00],
          [ 1.1561e+00,  3.1692e-01,  4.1391e-01, -2.4968e+00, -9.9707e-01,
            3.1226e-01,  3.6908e-01,  1.4089e-01, -4.6397e-01, -1.6965e-01],
          [ 1.6810e-01,  2.4582e-01, -8.1709e-01, -1.7030e-02, -9.4853e-01,
           -7.7427e-01, -1.7449e+00, -1.2262e+00, -1.9906e-01,  1.2103e-01],
          [-1.4905e-01, -6.1349e-01, -1.2126e+00, -4.7886e-01,  1.6280e-01,
            4.1555e-02,  1.1195e+00,  1.0299e+00, -1.0997e-01, -1.5015e+00],
          [-7.4629e-01, -1.1172e+00, -3.3502e-01, -2.9458e-01,  2.5544e+00,
           -3.0570e-01,  4.4086e-01, -1.4797e-01, -7.3823e-01,  6.8837e-01],
          [-7.6710e-01,  3.6259e-01,  3.5206e-01,  8.5474e-01, -1.2226e+00,
            2.6828e+00,  1.1670e+00, -1.0294e+00,  2.2449e-01, -1.0633e+00],
          [ 9.6470e-01,  7.8916e-01, -2.8614e-01,  1.8540e-01, -4.8809e-01,
           -9.8614e-01,  2.2533e-02, -6.2167e-01, -7.7471e-01, -2.3581e-01]],

         [[-3.0582e-01, -4.3587e-01, -1.0296e+00,  4.6350e-01, -1.3379e-01,
            1.6255e+00,  2.9690e-01, -5.4105e-02,  7.0802e-01,  4.9093e-02],
          [-6.8988e-01, -4.8931e-02,  2.2810e-02, -6.2112e-01, -2.4932e+00,
           -1.0618e+00, -7.4389e-01,  7.3511e-01,  6.1442e-01, -1.3945e+00],
          [-4.0137e-01,  1.0077e-01, -5.5033e-01, -3.8637e-01,  8.1522e-04,
            5.7164e-01, -2.8744e-01, -8.3532e-01,  1.8025e+00,  2.5390e-01],
          [ 3.9833e-01,  1.1376e+00,  1.1896e+00,  7.7948e-01,  2.1834e-01,
            1.3300e+00, -5.6615e-02,  1.2096e+00,  2.5644e-01,  7.3774e-02],
          [ 9.4330e-01, -7.5259e-01,  1.0794e+00, -2.6049e-01,  3.6312e-02,
            1.6752e+00, -3.6317e-01,  1.0259e+00,  1.0710e+00,  9.7294e-01],
          [ 9.2606e-01, -7.9499e-01, -1.3871e-01,  1.8331e+00,  1.2425e+00,
           -1.7387e+00, -1.4844e-01,  5.5316e-01, -9.7852e-01, -9.4622e-02],
          [-1.2885e+00, -1.6171e+00,  3.9853e-02, -1.6587e+00,  6.4067e-01,
            5.9405e-01, -8.6461e-01, -4.3252e-01, -6.3259e-01, -2.1623e-01],
          [ 4.8678e-02, -1.1553e+00,  7.6614e-01, -1.0255e+00,  3.5908e+00,
            1.7581e+00,  7.5202e-01,  4.5419e-01, -1.8150e+00,  1.3089e+00],
          [-2.0262e-01,  1.4848e+00,  6.2381e-02,  3.7575e-01,  1.2305e-01,
            4.2757e-01,  1.1211e+00,  1.7365e+00,  3.6293e-01,  2.1444e-01],
          [ 1.2596e+00, -1.8813e+00, -3.2790e-02, -5.1225e-01,  1.8405e+00,
           -6.9080e-01,  4.3913e-01,  4.7493e-01,  3.6636e-01, -1.6007e+00]],

         [[ 3.1188e-01,  5.8871e-01,  1.0270e+00,  7.4853e-01, -5.1153e-01,
           -6.8316e-01, -1.4136e-02,  8.1922e-01, -1.0777e+00, -4.4542e-01],
          [-4.4854e-01, -1.6437e+00, -2.2384e-01,  1.5011e+00,  1.2255e+00,
            1.6995e+00,  1.4609e+00,  2.0646e-01,  2.9500e-01, -3.5099e-01],
          [-1.3346e+00, -4.3112e-01,  2.8136e-01,  6.3506e-02,  5.4950e-01,
            1.0273e-01,  9.7474e-01, -3.3064e-01,  7.6280e-01,  2.6536e-01],
          [-1.7999e-01,  1.5237e+00, -2.5880e+00,  4.6935e-01,  1.2053e+00,
            7.2233e-01, -1.1009e-01,  1.3856e+00, -1.8059e+00,  3.6102e-01],
          [ 3.2923e-01, -1.9976e+00, -1.5683e-01,  9.8757e-01, -1.2515e-01,
           -1.8038e+00, -1.2880e+00, -1.3553e+00, -1.1578e+00, -8.0907e-01],
          [-7.9195e-01, -3.6088e-01, -5.2819e-01, -1.3964e+00,  5.2603e-01,
           -1.8895e-01,  1.5955e+00,  2.0198e+00, -1.0841e+00, -7.7018e-01],
          [ 5.9524e-01,  7.3260e-01, -9.5830e-01,  2.3663e-01, -1.3689e+00,
           -8.2995e-01, -7.3455e-01,  1.5458e-01, -1.5605e+00, -2.2360e-01],
          [ 2.3117e-01, -1.1976e+00,  1.4263e+00,  6.9951e-01,  3.3728e-01,
            1.3033e+00, -1.6866e-01,  2.5392e-02,  2.3948e-01,  8.7456e-01],
          [-4.3707e-01, -1.4064e+00, -3.7624e-01, -1.3753e+00, -6.6811e-01,
           -2.0325e-01, -8.2954e-01, -1.1839e-01,  6.4109e-02,  1.7219e+00],
          [ 5.0443e-01,  1.4248e-01, -2.3593e-01,  7.3800e-01,  6.3991e-01,
           -6.0098e-01,  3.4854e-01, -5.9815e-02,  1.5254e-01, -1.5872e-02]],

         [[-2.3303e+00,  1.8828e-01,  1.0120e+00, -1.0208e+00, -5.9909e-01,
           -1.0846e+00,  1.6714e-01, -1.1620e+00,  1.3285e+00,  3.3157e-01],
          [-1.1950e+00, -9.5770e-01, -1.1608e+00,  5.6880e-01, -7.2539e-01,
           -6.9248e-01, -7.9766e-01,  1.6034e+00, -1.8934e+00,  1.6605e+00],
          [-4.3152e-01, -3.0981e-01, -6.4865e-01,  4.6386e-01, -1.5075e+00,
            1.3549e+00, -1.3857e+00, -3.4716e-01,  1.1075e+00, -8.7377e-01],
          [-9.0638e-02, -2.4067e+00,  1.4620e-01,  3.0619e+00,  2.2298e-01,
           -3.5744e-01, -1.5895e+00,  5.3988e-01,  5.3299e-01,  1.5003e+00],
          [-1.6157e+00, -1.6848e+00, -5.4170e-01, -3.2747e-01,  5.5928e-01,
           -6.6025e-01,  1.9991e+00,  1.7425e+00,  1.6034e+00,  1.0005e+00],
          [-9.7314e-01, -1.1787e+00,  4.0030e-01,  3.9891e-01, -2.1664e+00,
            7.7990e-01,  9.7360e-01, -7.1998e-01, -2.6818e-01, -9.8353e-02],
          [-2.7820e-01,  7.7480e-01,  1.6391e+00,  5.4669e-01,  4.0615e-01,
            1.0481e+00,  2.1364e-01, -3.8719e-01, -9.8203e-01,  5.5799e-01],
          [-1.1339e+00,  5.7259e-01,  7.1132e-01,  5.4311e-01, -1.8792e+00,
            6.4031e-01, -1.7311e+00,  1.2568e+00, -9.9871e-01, -3.6810e-01],
          [-8.2295e-01,  4.7627e-01,  7.1669e-01,  1.2922e+00,  4.9555e-01,
           -4.1747e-01, -2.9889e-01, -1.5137e+00,  1.5777e-01, -2.1115e+00],
          [-1.1270e+00, -5.0067e-01,  1.0931e+00, -1.3925e+00, -3.9750e-01,
           -7.6798e-01, -3.1182e-01,  1.1475e+00, -6.3969e-01,  1.0221e+00]]]])
        dmbd_model = DMBD()
        output     = {'latent_states': None, 'loss': tensor(-230.2585), 'reconstructed': None}
        random_seed = 42
        seq_length = 5
        torch_device = device(type='cpu')</failure></testcase></testsuite></testsuites>